CRITICAL - 2023-02-17 01:24:05 --> Call to undefined method App\Models\KelassiswaModel::with
in SYSTEMPATH\Model.php on line 841.
 1 APPPATH\Controllers\Kelassiswa.php(28): CodeIgniter\Model->__call('with', [...])
 2 SYSTEMPATH\CodeIgniter.php(934): App\Controllers\Kelassiswa->index()
 3 SYSTEMPATH\CodeIgniter.php(499): CodeIgniter\CodeIgniter->runController(Object(App\Controllers\Kelassiswa))
 4 SYSTEMPATH\CodeIgniter.php(368): CodeIgniter\CodeIgniter->handleRequest(null, Object(Config\Cache), false)
 5 FCPATH\index.php(67): CodeIgniter\CodeIgniter->run()
 6 SYSTEMPATH\Commands\Server\rewrite.php(47): require_once('FCPATH\\index.php')
CRITICAL - 2023-02-17 01:25:04 --> Call to undefined method App\Models\KelassiswaModel::with
in SYSTEMPATH\Model.php on line 841.
 1 APPPATH\Controllers\Kelassiswa.php(28): CodeIgniter\Model->__call('with', [...])
 2 SYSTEMPATH\CodeIgniter.php(934): App\Controllers\Kelassiswa->index()
 3 SYSTEMPATH\CodeIgniter.php(499): CodeIgniter\CodeIgniter->runController(Object(App\Controllers\Kelassiswa))
 4 SYSTEMPATH\CodeIgniter.php(368): CodeIgniter\CodeIgniter->handleRequest(null, Object(Config\Cache), false)
 5 FCPATH\index.php(67): CodeIgniter\CodeIgniter->run()
 6 SYSTEMPATH\Commands\Server\rewrite.php(47): require_once('FCPATH\\index.php')
CRITICAL - 2023-02-17 01:28:15 --> Call to undefined method App\Models\KelassiswaModel::with
in SYSTEMPATH\Model.php on line 841.
 1 APPPATH\Controllers\Kelassiswa.php(31): CodeIgniter\Model->__call('with', [...])
 2 SYSTEMPATH\CodeIgniter.php(934): App\Controllers\Kelassiswa->index()
 3 SYSTEMPATH\CodeIgniter.php(499): CodeIgniter\CodeIgniter->runController(Object(App\Controllers\Kelassiswa))
 4 SYSTEMPATH\CodeIgniter.php(368): CodeIgniter\CodeIgniter->handleRequest(null, Object(Config\Cache), false)
 5 FCPATH\index.php(67): CodeIgniter\CodeIgniter->run()
 6 SYSTEMPATH\Commands\Server\rewrite.php(47): require_once('FCPATH\\index.php')
CRITICAL - 2023-02-17 01:29:29 --> Call to undefined method App\Models\KelassiswaModel::with
in SYSTEMPATH\Model.php on line 841.
 1 APPPATH\Controllers\Kelassiswa.php(31): CodeIgniter\Model->__call('with', [...])
 2 SYSTEMPATH\CodeIgniter.php(934): App\Controllers\Kelassiswa->index()
 3 SYSTEMPATH\CodeIgniter.php(499): CodeIgniter\CodeIgniter->runController(Object(App\Controllers\Kelassiswa))
 4 SYSTEMPATH\CodeIgniter.php(368): CodeIgniter\CodeIgniter->handleRequest(null, Object(Config\Cache), false)
 5 FCPATH\index.php(67): CodeIgniter\CodeIgniter->run()
 6 SYSTEMPATH\Commands\Server\rewrite.php(47): require_once('FCPATH\\index.php')
CRITICAL - 2023-02-17 01:38:10 --> Call to undefined method App\Models\KelassiswaModel::with
in SYSTEMPATH\Model.php on line 841.
 1 APPPATH\Controllers\Kelassiswa.php(31): CodeIgniter\Model->__call('with', [...])
 2 SYSTEMPATH\CodeIgniter.php(934): App\Controllers\Kelassiswa->index()
 3 SYSTEMPATH\CodeIgniter.php(499): CodeIgniter\CodeIgniter->runController(Object(App\Controllers\Kelassiswa))
 4 SYSTEMPATH\CodeIgniter.php(368): CodeIgniter\CodeIgniter->handleRequest(null, Object(Config\Cache), false)
 5 FCPATH\index.php(70): CodeIgniter\CodeIgniter->run()
 6 SYSTEMPATH\Commands\Server\rewrite.php(47): require_once('FCPATH\\index.php')
CRITICAL - 2023-02-17 01:46:24 --> Undefined property: mysqli::$id
in APPPATH\Controllers\Kelassiswa.php on line 58.
 1 APPPATH\Controllers\Kelassiswa.php(58): CodeIgniter\Debug\Exceptions->errorHandler(2, 'Undefined property: mysqli::$id', 'APPPATH\\Controllers\\Kelassiswa.php', 58)
 2 SYSTEMPATH\CodeIgniter.php(934): App\Controllers\Kelassiswa->getAll()
 3 SYSTEMPATH\CodeIgniter.php(499): CodeIgniter\CodeIgniter->runController(Object(App\Controllers\Kelassiswa))
 4 SYSTEMPATH\CodeIgniter.php(368): CodeIgniter\CodeIgniter->handleRequest(null, Object(Config\Cache), false)
 5 FCPATH\index.php(70): CodeIgniter\CodeIgniter->run()
 6 SYSTEMPATH\Commands\Server\rewrite.php(47): require_once('FCPATH\\index.php')
